<?xml version="1.0" encoding="UTF-8"?>
<coverage generated="1585683310757" clover="3.2.0">
  <project timestamp="1585683310757" name="All files">
    <metrics statements="24" coveredstatements="23" conditionals="13" coveredconditionals="9" methods="4" coveredmethods="4" elements="41" coveredelements="36" complexity="0" loc="24" ncloc="24" packages="2" files="3" classes="3"/>
    <package name="lib">
      <metrics statements="14" coveredstatements="13" conditionals="8" coveredconditionals="7" methods="2" coveredmethods="2"/>
      <file name="app.js" path="/Users/joshford/alchemy/career-track/HTTP-with-net/lib/app.js">
        <metrics statements="14" coveredstatements="13" conditionals="8" coveredconditionals="7" methods="2" coveredmethods="2"/>
        <line num="1" count="1" type="stmt"/>
        <line num="2" count="1" type="stmt"/>
        <line num="3" count="1" type="stmt"/>
        <line num="5" count="1" type="stmt"/>
        <line num="6" count="2" type="stmt"/>
        <line num="7" count="2" type="stmt"/>
        <line num="9" count="2" type="cond" truecount="4" falsecount="0"/>
        <line num="10" count="1" type="stmt"/>
        <line num="11" count="1" type="stmt"/>
        <line num="16" count="1" type="cond" truecount="3" falsecount="1"/>
        <line num="17" count="1" type="stmt"/>
        <line num="18" count="1" type="stmt"/>
        <line num="24" count="0" type="stmt"/>
        <line num="29" count="1" type="stmt"/>
      </file>
    </package>
    <package name="lib.utils">
      <metrics statements="10" coveredstatements="10" conditionals="5" coveredconditionals="2" methods="2" coveredmethods="2"/>
      <file name="createResponse.js" path="/Users/joshford/alchemy/career-track/HTTP-with-net/lib/utils/createResponse.js">
        <metrics statements="2" coveredstatements="2" conditionals="3" coveredconditionals="0" methods="1" coveredmethods="1"/>
        <line num="1" count="2" type="cond" truecount="0" falsecount="3"/>
        <line num="3" count="3" type="stmt"/>
      </file>
      <file name="parseRequest.js" path="/Users/joshford/alchemy/career-track/HTTP-with-net/lib/utils/parseRequest.js">
        <metrics statements="8" coveredstatements="8" conditionals="2" coveredconditionals="2" methods="1" coveredmethods="1"/>
        <line num="1" count="2" type="stmt"/>
        <line num="3" count="4" type="stmt"/>
        <line num="4" count="4" type="stmt"/>
        <line num="6" count="4" type="cond" truecount="2" falsecount="0"/>
        <line num="7" count="3" type="stmt"/>
        <line num="8" count="3" type="stmt"/>
        <line num="9" count="3" type="stmt"/>
        <line num="11" count="4" type="stmt"/>
      </file>
    </package>
  </project>
</coverage>
