<?xml version="1.0" encoding="UTF-8"?>
<coverage generated="1585680588048" clover="3.2.0">
  <project timestamp="1585680588048" name="All files">
    <metrics statements="8" coveredstatements="8" conditionals="5" coveredconditionals="2" methods="2" coveredmethods="2" elements="15" coveredelements="12" complexity="0" loc="8" ncloc="8" packages="1" files="2" classes="2"/>
    <file name="createResponse.js" path="/Users/joshford/alchemy/career-track/HTTP-with-net/lib/utils/createResponse.js">
      <metrics statements="2" coveredstatements="2" conditionals="3" coveredconditionals="0" methods="1" coveredmethods="1"/>
      <line num="1" count="1" type="cond" truecount="0" falsecount="3"/>
      <line num="3" count="1" type="stmt"/>
    </file>
    <file name="parseRequest.js" path="/Users/joshford/alchemy/career-track/HTTP-with-net/lib/utils/parseRequest.js">
      <metrics statements="6" coveredstatements="6" conditionals="2" coveredconditionals="2" methods="1" coveredmethods="1"/>
      <line num="1" count="1" type="stmt"/>
      <line num="3" count="2" type="stmt"/>
      <line num="4" count="2" type="stmt"/>
      <line num="6" count="2" type="cond" truecount="2" falsecount="0"/>
      <line num="7" count="1" type="stmt"/>
      <line num="11" count="1" type="stmt"/>
    </file>
  </project>
</coverage>
