{"/Users/joshford/alchemy/career-track/HTTP-with-net/lib/app.js": {"path":"/Users/joshford/alchemy/career-track/HTTP-with-net/lib/app.js","statementMap":{"0":{"start":{"line":1,"column":12},"end":{"line":1,"column":26}},"1":{"start":{"line":2,"column":21},"end":{"line":2,"column":52}},"2":{"start":{"line":3,"column":23},"end":{"line":3,"column":56}},"3":{"start":{"line":5,"column":12},"end":{"line":37,"column":2}},"4":{"start":{"line":6,"column":2},"end":{"line":36,"column":5}},"5":{"start":{"line":7,"column":20},"end":{"line":7,"column":49}},"6":{"start":{"line":9,"column":4},"end":{"line":35,"column":5}},"7":{"start":{"line":10,"column":6},"end":{"line":10,"column":27}},"8":{"start":{"line":11,"column":6},"end":{"line":15,"column":10}},"9":{"start":{"line":16,"column":11},"end":{"line":35,"column":5}},"10":{"start":{"line":17,"column":6},"end":{"line":17,"column":27}},"11":{"start":{"line":18,"column":6},"end":{"line":22,"column":10}},"12":{"start":{"line":23,"column":11},"end":{"line":35,"column":5}},"13":{"start":{"line":24,"column":6},"end":{"line":32,"column":10}},"14":{"start":{"line":34,"column":6},"end":{"line":34,"column":108}},"15":{"start":{"line":39,"column":0},"end":{"line":39,"column":21}}},"fnMap":{"0":{"name":"(anonymous_0)","decl":{"start":{"line":5,"column":29},"end":{"line":5,"column":30}},"loc":{"start":{"line":5,"column":39},"end":{"line":37,"column":1}},"line":5},"1":{"name":"(anonymous_1)","decl":{"start":{"line":6,"column":20},"end":{"line":6,"column":21}},"loc":{"start":{"line":6,"column":28},"end":{"line":36,"column":3}},"line":6}},"branchMap":{"0":{"loc":{"start":{"line":9,"column":4},"end":{"line":35,"column":5}},"type":"if","locations":[{"start":{"line":9,"column":4},"end":{"line":35,"column":5}},{"start":{"line":9,"column":4},"end":{"line":35,"column":5}}],"line":9},"1":{"loc":{"start":{"line":9,"column":7},"end":{"line":9,"column":55}},"type":"binary-expr","locations":[{"start":{"line":9,"column":7},"end":{"line":9,"column":27}},{"start":{"line":9,"column":31},"end":{"line":9,"column":55}}],"line":9},"2":{"loc":{"start":{"line":16,"column":11},"end":{"line":35,"column":5}},"type":"if","locations":[{"start":{"line":16,"column":11},"end":{"line":35,"column":5}},{"start":{"line":16,"column":11},"end":{"line":35,"column":5}}],"line":16},"3":{"loc":{"start":{"line":16,"column":14},"end":{"line":16,"column":67}},"type":"binary-expr","locations":[{"start":{"line":16,"column":14},"end":{"line":16,"column":38}},{"start":{"line":16,"column":42},"end":{"line":16,"column":67}}],"line":16},"4":{"loc":{"start":{"line":23,"column":11},"end":{"line":35,"column":5}},"type":"if","locations":[{"start":{"line":23,"column":11},"end":{"line":35,"column":5}},{"start":{"line":23,"column":11},"end":{"line":35,"column":5}}],"line":23},"5":{"loc":{"start":{"line":23,"column":14},"end":{"line":23,"column":65}},"type":"binary-expr","locations":[{"start":{"line":23,"column":14},"end":{"line":23,"column":37}},{"start":{"line":23,"column":41},"end":{"line":23,"column":65}}],"line":23}},"s":{"0":1,"1":1,"2":1,"3":1,"4":4,"5":4,"6":4,"7":1,"8":1,"9":3,"10":1,"11":1,"12":2,"13":1,"14":1,"15":1},"f":{"0":4,"1":4},"b":{"0":[1,3],"1":[4,1],"2":[1,2],"3":[3,1],"4":[1,1],"5":[2,1]},"_coverageSchema":"43e27e138ebf9cfc5966b082cf9a028302ed4184","hash":"5f3dbd49a5716bf4133bcae9a873dd7de7b3f17b"}
,"/Users/joshford/alchemy/career-track/HTTP-with-net/lib/utils/createResponse.js": {"path":"/Users/joshford/alchemy/career-track/HTTP-with-net/lib/utils/createResponse.js","statementMap":{"0":{"start":{"line":1,"column":0},"end":{"line":10,"column":2}},"1":{"start":{"line":3,"column":2},"end":{"line":9,"column":16}}},"fnMap":{"0":{"name":"(anonymous_0)","decl":{"start":{"line":1,"column":17},"end":{"line":1,"column":18}},"loc":{"start":{"line":1,"column":82},"end":{"line":10,"column":1}},"line":1}},"branchMap":{"0":{"loc":{"start":{"line":1,"column":20},"end":{"line":1,"column":29}},"type":"default-arg","locations":[{"start":{"line":1,"column":27},"end":{"line":1,"column":29}}],"line":1},"1":{"loc":{"start":{"line":1,"column":31},"end":{"line":1,"column":56}},"type":"default-arg","locations":[{"start":{"line":1,"column":45},"end":{"line":1,"column":56}}],"line":1},"2":{"loc":{"start":{"line":1,"column":58},"end":{"line":1,"column":75}},"type":"default-arg","locations":[{"start":{"line":1,"column":67},"end":{"line":1,"column":75}}],"line":1}},"s":{"0":2,"1":5},"f":{"0":5},"b":{"0":[0],"1":[0],"2":[0]},"_coverageSchema":"43e27e138ebf9cfc5966b082cf9a028302ed4184","hash":"86e984a55b5100358a525c1d0150c86a191242ca"}
,"/Users/joshford/alchemy/career-track/HTTP-with-net/lib/utils/parseRequest.js": {"path":"/Users/joshford/alchemy/career-track/HTTP-with-net/lib/utils/parseRequest.js","statementMap":{"0":{"start":{"line":1,"column":0},"end":{"line":12,"column":2}},"1":{"start":{"line":3,"column":18},"end":{"line":3,"column":50}},"2":{"start":{"line":4,"column":16},"end":{"line":4,"column":48}},"3":{"start":{"line":6,"column":2},"end":{"line":10,"column":3}},"4":{"start":{"line":7,"column":22},"end":{"line":7,"column":44}},"5":{"start":{"line":8,"column":17},"end":{"line":8,"column":48}},"6":{"start":{"line":9,"column":4},"end":{"line":9,"column":22}},"7":{"start":{"line":11,"column":2},"end":{"line":11,"column":15}}},"fnMap":{"0":{"name":"(anonymous_0)","decl":{"start":{"line":1,"column":17},"end":{"line":1,"column":18}},"loc":{"start":{"line":1,"column":31},"end":{"line":12,"column":1}},"line":1}},"branchMap":{"0":{"loc":{"start":{"line":6,"column":2},"end":{"line":10,"column":3}},"type":"if","locations":[{"start":{"line":6,"column":2},"end":{"line":10,"column":3}},{"start":{"line":6,"column":2},"end":{"line":10,"column":3}}],"line":6}},"s":{"0":2,"1":6,"2":6,"3":6,"4":5,"5":5,"6":5,"7":6},"f":{"0":6},"b":{"0":[5,1]},"_coverageSchema":"43e27e138ebf9cfc5966b082cf9a028302ed4184","hash":"93da1336222d5ed36f873e84f35a60d739e93150"}
}
