TN:
SF:/Users/joshford/alchemy/career-track/HTTP-with-net/lib/app.js
FN:5,(anonymous_0)
FN:6,(anonymous_1)
FNF:2
FNH:2
FNDA:4,(anonymous_0)
FNDA:4,(anonymous_1)
DA:1,1
DA:2,1
DA:3,1
DA:5,1
DA:6,4
DA:7,4
DA:9,4
DA:10,1
DA:11,1
DA:16,3
DA:17,1
DA:18,1
DA:23,2
DA:24,1
DA:34,1
DA:39,1
LF:16
LH:16
BRDA:9,0,0,1
BRDA:9,0,1,3
BRDA:9,1,0,4
BRDA:9,1,1,1
BRDA:16,2,0,1
BRDA:16,2,1,2
BRDA:16,3,0,3
BRDA:16,3,1,1
BRDA:23,4,0,1
BRDA:23,4,1,1
BRDA:23,5,0,2
BRDA:23,5,1,1
BRF:12
BRH:12
end_of_record
TN:
SF:/Users/joshford/alchemy/career-track/HTTP-with-net/lib/utils/createResponse.js
FN:1,(anonymous_0)
FNF:1
FNH:1
FNDA:5,(anonymous_0)
DA:1,2
DA:3,5
LF:2
LH:2
BRDA:1,0,0,0
BRDA:1,1,0,0
BRDA:1,2,0,0
BRF:3
BRH:0
end_of_record
TN:
SF:/Users/joshford/alchemy/career-track/HTTP-with-net/lib/utils/parseRequest.js
FN:1,(anonymous_0)
FNF:1
FNH:1
FNDA:6,(anonymous_0)
DA:1,2
DA:3,6
DA:4,6
DA:6,6
DA:7,5
DA:8,5
DA:9,5
DA:11,6
LF:8
LH:8
BRDA:6,0,0,5
BRDA:6,0,1,1
BRF:2
BRH:2
end_of_record
